<html>
<head>
<title>TestNG:  Default test</title>
<link href="../testng.css" rel="stylesheet" type="text/css" />
<link href="../my-testng.css" rel="stylesheet" type="text/css" />

<style type="text/css">
.log { display: none;} 
.stack-trace { display: none;} 
</style>
<script type="text/javascript">
<!--
function flip(e) {
  current = e.style.display;
  if (current == 'block') {
    e.style.display = 'none';
    return 0;
  }
  else {
    e.style.display = 'block';
    return 1;
  }
}

function toggleBox(szDivId, elem, msg1, msg2)
{
  var res = -1;  if (document.getElementById) {
    res = flip(document.getElementById(szDivId));
  }
  else if (document.all) {
    // this is the way old msie versions work
    res = flip(document.all[szDivId]);
  }
  if(elem) {
    if(res == 0) elem.innerHTML = msg1; else elem.innerHTML = msg2;
  }

}

function toggleAllBoxes() {
  if (document.getElementsByTagName) {
    d = document.getElementsByTagName('div');
    for (i = 0; i < d.length; i++) {
      if (d[i].className == 'log') {
        flip(d[i]);
      }
    }
  }
}

// -->
</script>

</head>
<body>
<h2 align='center'>Default test</h2><table border='1' align="center">
<tr>
<td>Tests passed/Failed/Skipped:</td><td>0/1/0</td>
</tr><tr>
<td>Started on:</td><td>Fri Sep 21 17:03:50 EDT 2018</td>
</tr>
<tr><td>Total time:</td><td>47 seconds (47606 ms)</td>
</tr><tr>
<td>Included groups:</td><td></td>
</tr><tr>
<td>Excluded groups:</td><td></td>
</tr>
</table><p/>
<small><i>(Hover the method name to see the test class name)</i></small><p/>
<table width='100%' border='1' class='invocation-failed'>
<tr><td colspan='4' align='center'><b>FAILED TESTS</b></td></tr>
<tr><td><b>Test method</b></td>
<td width="30%"><b>Exception</b></td>
<td width="10%"><b>Time (seconds)</b></td>
<td><b>Instance</b></td>
</tr>
<tr>
<td title='com.slm.loginMail.LoginTest.f()'><b>f</b><br>Test class: com.slm.loginMail.LoginTest</td>
<td><div><pre>org.openqa.selenium.WebDriverException: Failed to connect to binary FirefoxBinary(C:\Program Files\Mozilla Firefox\firefox.exe) on port 7055; process output follows: 
ightThemeManager
1537563833137	addons.manager	DEBUG	Starting provider: GMPProvider
1537563833139	addons.manager	DEBUG	Registering shutdown blocker for GMPProvider
1537563833140	addons.manager	DEBUG	Provider finished startup: GMPProvider
1537563833140	addons.manager	DEBUG	Starting provider: PluginProvider
1537563833140	addons.manager	DEBUG	Registering shutdown blocker for PluginProvider
1537563833140	addons.manager	DEBUG	Provider finished startup: PluginProvider
1537563833141	addons.manager	DEBUG	Completed startup sequence
1537563833534	addons.repository	DEBUG	No addons.json found.
1537563834332	addons.xpi	DEBUG	Ignoring file: name is not a valid add-on ID: C:\Users\leela\AppData\Local\Temp\anonymous5370063710152696259webdriver-profile\extensions\webdriver-staging
1537563834332	addons.xpi	DEBUG	Existing add-on activity-stream@mozilla.org in app-system-defaults
1537563834333	addons.xpi	DEBUG	Existing add-on aushelper@mozilla.org in app-system-defaults
1537563834333	addons.xpi	DEBUG	Existing add-on firefox@getpocket.com in app-system-defaults
1537563834333	addons.xpi	DEBUG	Existing add-on formautofill@mozilla.org in app-system-defaults
1537563834333	addons.xpi	DEBUG	Existing add-on onboarding@mozilla.org in app-system-defaults
1537563834333	addons.xpi	DEBUG	Existing add-on screenshots@mozilla.org in app-system-defaults
1537563834333	addons.xpi	DEBUG	Existing add-on webcompat-reporter@mozilla.org in app-system-defaults
1537563834334	addons.xpi	DEBUG	Existing add-on webcompat@mozilla.org in app-system-defaults
1537563834334	addons.xpi	DEBUG	scanForChanges changed: false, state: {}
JavaScript error: resource://gre/modules/addons/XPIProvider.jsm, line 2579: TypeError: addon is null
1537563844277	addons.xpi	DEBUG	Calling bootstrap method shutdown on webcompat@mozilla.org version 2.0
1537563844278	addons.xpi	DEBUG	Calling bootstrap method shutdown on webcompat-reporter@mozilla.org version 1.0.0
1537563844278	addons.xpi	DEBUG	Calling bootstrap method shutdown on screenshots@mozilla.org version 33.0.0
1537563844281	addons.xpi	DEBUG	Calling bootstrap method shutdown on onboarding@mozilla.org version 1.0
1537563844282	addons.xpi	DEBUG	Calling bootstrap method shutdown on formautofill@mozilla.org version 1.0
1537563844283	addons.xpi	DEBUG	Calling bootstrap method shutdown on firefox@getpocket.com version 1.0.5
1537563844287	addons.xpi	DEBUG	Calling bootstrap method shutdown on aushelper@mozilla.org version 2.0
1537563844287	addons.xpi	DEBUG	Calling bootstrap method shutdown on activity-stream@mozilla.org version 2018.08.22.1219-93becf29
[Parent 10740, Gecko_IOThread] WARNING: pipe error: 109: file z:/build/build/src/ipc/chromium/src/chrome/common/ipc_channel_win.cc, line 346
[Parent 10740, Gecko_IOThread] WARNING: pipe error: 109: file z:/build/build/src/ipc/chromium/src/chrome/common/ipc_channel_win.cc, line 346
[Child 10672, Chrome_ChildThread] WARNING: pipe error: 109: file z:/build/build/src/ipc/chromium/src/chrome/common/ipc_channel_win.cc, line 346
[Child 10672, Chrome_ChildThread] WARNING: pipe error: 109: file z:/build/build/src/i[Parent 10740, Gecko_IOThread] WARNING: pipe error: 109: file z:/build/build/src/ipc/chromium/src/chrome/common/ipc_channel_win.cc, line 346
[Child 4968, Chrome_ChildThread] WARNING: pipe error: 109: file z:/build/build/src/ipc/chromium/src/chrome/common/ipc_channel_win.cc, line 346
[Child 4968, Chrome_ChildThread] WARNING: pipe error: 109: file1537563844373	addons.manager	DEBUG	shutdown
1537563844373	addons.manager	DEBUG	Calling shutdown blocker for XPIProvider
1537563844373	addons.xpi	DEBUG	shutdown
1537563844374	addons.xpi-utils	DEBUG	shutdown
1537563844374	addons.manager	DEBUG	Calling shutdown blocker for LightweightThemeManager
1537563844374	addons.manager	DEBUG	Calling shutdown blocker for GMPProvider
1537563844374	addons.manager	DEBUG	Calling shutdown blocker for PluginProvider
1537563844378	addons.manager	DEBUG	Async provider shutdown done
[GPU 8808, Chrome_ChildThre
###!!! [Child][MessageChannel::SendAndWait] Error: Channel error: cannot send/recv


Build info: version: &apos;2.53.1&apos;, revision: &apos;a36b8b1cd5757287168e54b817830adce9b0158d&apos;, time: &apos;2016-06-30 19:26:09&apos;
System info: host: &apos;DESKTOP-IDB0LR4&apos;, ip: &apos;10.0.0.20&apos;, os.name: &apos;Windows 10&apos;, os.arch: &apos;amd64&apos;, os.version: &apos;10.0&apos;, java.version: &apos;1.8.0_181&apos;
Driver info: driver.version: FirefoxDriver
	at org.openqa.selenium.firefox.internal.NewProfileExtensionConnection.start(NewProfileExtensionConnection.java:125)
	at org.openqa.selenium.firefox.FirefoxDriver.startClient(FirefoxDriver.java:271)
	at org.openqa.selenium.remote.RemoteWebDriver.&lt;init&gt;(RemoteWebDriver.java:119)
	at org.openqa.selenium.firefox.FirefoxDriver.&lt;init&gt;(FirefoxDriver.java:216)
	at org.openqa.selenium.firefox.FirefoxDriver.&lt;init&gt;(FirefoxDriver.java:211)
	at org.openqa.selenium.firefox.FirefoxDriver.&lt;init&gt;(FirefoxDriver.java:207)
	at org.openqa.selenium.firefox.FirefoxDriver.&lt;init&gt;(FirefoxDriver.java:120)
	at com.slm.loginMail.LoginTest.f(LoginTest.java:14)
	at sun.reflect.NativeMethodAccessorImpl.invoke0(Native Method)
	at sun.reflect.NativeMethodAccessorImpl.invoke(NativeMethodAccessorImpl.java:62)
	at sun.reflect.DelegatingMethodAccessorImpl.invoke(DelegatingMethodAccessorImpl.java:43)
	at java.lang.reflect.Method.invoke(Method.java:498)
	at org.testng.internal.MethodInvocationHelper.invokeMethod(MethodInvocationHelper.java:80)
	at org.testng.internal.Invoker.invokeMethod(Invoker.java:714)
	at org.testng.internal.Invoker.invokeTestMethod(Invoker.java:901)
	at org.testng.internal.Invoker.invokeTestMethods(Invoker.java:1231)
	at org.testng.internal.TestMethodWorker.invokeTestMethods(TestMethodWorker.java:127)
	at org.testng.internal.TestMethodWorker.run(TestMethodWorker.java:111)
	at org.testng.TestRunner.privateRun(TestRunner.java:767)
	at org.testng.TestRunner.run(TestRunner.java:617)
	at org.testng.SuiteRunner.runTest(SuiteRunner.java:334)
	at org.testng.SuiteRunner.runSequentially(SuiteRunner.java:329)
	at org.testng.SuiteRunner.privateRun(SuiteRunner.java:291)
	at org.testng.SuiteRunner.run(SuiteRunner.java:240)
	at org.testng.SuiteRunnerWorker.runSuite(SuiteRunnerWorker.java:52)
	at org.testng.SuiteRunnerWorker.run(SuiteRunnerWorker.java:86)
	at org.testng.TestNG.runSuitesSequentially(TestNG.java:1198)
	at org.testng.TestNG.runSuitesLocally(TestNG.java:1123)
	at org.testng.TestNG.run(TestNG.java:1031)
	at org.testng.remote.AbstractRemoteTestNG.run(AbstractRemoteTestNG.java:114)
	at org.testng.remote.RemoteTestNG.initAndRun(RemoteTestNG.java:251)
	at org.testng.remote.RemoteTestNG.main(RemoteTestNG.java:77)
Caused by: org.openqa.selenium.firefox.NotConnectedException: Unable to connect to host 127.0.0.1 on port 7055 after 45000 ms. Firefox console output:
ightThemeManager
1537563833137	addons.manager	DEBUG	Starting provider: GMPProvider
1537563833139	addons.manager	DEBUG	Registering shutdown blocker for GMPProvider
1537563833140	addons.manager	DEBUG	Provider finished startup: GMPProvider
1537563833140	addons.manager	DEBUG	Starting provider: PluginProvider
1537563833140	addons.manager	DEBUG	Registering shutdown blocker for PluginProvider
1537563833140	addons.manager	DEBUG	Provider finished startup: PluginProvider
1537563833141	addons.manager	DEBUG	Completed startup sequence
1537563833534	addons.repository	DEBUG	No addons.json found.
1537563834332	addons.xpi	DEBUG	Ignoring file: name is not a valid add-on ID: C:\Users\leela\AppData\Local\Temp\anonymous5370063710152696259webdriver-profile\extensions\webdriver-staging
1537563834332	addons.xpi	DEBUG	Existing add-on activity-stream@mozilla.org in app-system-defaults
1537563834333	addons.xpi	DEBUG	Existing add-on aushelper@mozilla.org in app-system-defaults
1537563834333	addons.xpi	DEBUG	Existing add-on firefox@getpocket.com in app-system-defaults
1537563834333	addons.xpi	DEBUG	Existing add-on formautofill@mozilla.org in app-system-defaults
1537563834333	addons.xpi	DEBUG	Existing add-on onboarding@mozilla.org in app-system-defaults
1537563834333	addons.xpi	DEBUG	Existing add-on screenshots@mozilla.org in app-system-defaults
1537563834333	addons.xpi	DEBUG	Existing add-on webcompat-reporter@mozilla.org in app-system-defaults
1537563834334	addons.xpi	DEBUG	Existing add-on webcompat@mozilla.org in app-system-defaults
1537563834334	addons.xpi	DEBUG	scanForChanges changed: false, state: {}
JavaScript error: resource://gre/modules/addons/XPIProvider.jsm, line 2579: TypeError: addon is null
1537563844277	addons.xpi	DEBUG	Calling bootstrap method shutdown on webcompat@mozilla.org version 2.0
1537563844278	addons.xpi	DEBUG	Calling bootstrap method shutdown on webcompat-reporter@mozilla.org version 1.0.0
1537563844278	addons.xpi	DEBUG	Calling bootstrap method shutdown on screenshots@mozilla.org version 33.0.0
1537563844281	addons.xpi	DEBUG	Calling bootstrap method shutdown on onboarding@mozilla.org version 1.0
1537563844282	addons.xpi	DEBUG	Calling bootstrap method shutdown on formautofill@mozilla.org version 1.0
1537563844283	addons.xpi	DEBUG	Calling bootstrap method shutdown on firefox@getpocket.com version 1.0.5
1537563844287	addons.xpi	DEBUG	Calling bootstrap method shutdown on aushelper@mozilla.org version 2.0
1537563844287	addons.xpi	DEBUG	Calling bootstrap method shutdown on activity-stream@mozilla.org version 2018.08.22.1219-93becf29
[Parent 10740, Gecko_IOThread] WARNING: pipe error: 109: file z:/build/build/src/ipc/chromium/src/chrome/common/ipc_channel_win.cc, line 346
[Parent 10740, Gecko_IOThread] WARNING: pipe error: 109: file z:/build/build/src/ipc/chromium/src/chrome/common/ipc_channel_win.cc, line 346
[Child 10672, Chrome_ChildThread] WARNING: pipe error: 109: file z:/build/build/src/ipc/chromium/src/chrome/common/ipc_channel_win.cc, line 346
[Child 10672, Chrome_ChildThread] WARNING: pipe error: 109: file z:/build/build/src/i[Parent 10740, Gecko_IOThread] WARNING: pipe error: 109: file z:/build/build/src/ipc/chromium/src/chrome/common/ipc_channel_win.cc, line 346
[Child 4968, Chrome_ChildThread] WARNING: pipe error: 109: file z:/build/build/src/ipc/chromium/src/chrome/common/ipc_channel_win.cc, line 346
[Child 4968, Chrome_ChildThread] WARNING: pipe error: 109: file1537563844373	addons.manager	DEBUG	shutdown
1537563844373	addons.manager	DEBUG	Calling shutdown blocker for XPIProvider
1537563844373	addons.xpi	DEBUG	shutdown
1537563844374	addons.xpi-utils	DEBUG	shutdown
1537563844374	addons.manager	DEBUG	Calling shutdown blocker for LightweightThemeManager
1537563844374	addons.manager	DEBUG	Calling shutdown blocker for GMPProvider
1537563844374	addons.manager	DEBUG	Calling shutdown blocker for PluginProvider
1537563844378	addons.manager	DEBUG	Async provider shutdown done
[GPU 8808, Chrome_ChildThre
###!!! [Child][MessageChannel::SendAndWait] Error: Channel error: cannot send/recv


	at org.openqa.selenium.firefox.internal.NewProfileExtensionConnection.start(NewProfileExtensionConnection.java:113)
	... 31 more
</pre></div><a href='#' onClick='toggleBox("stack-trace1825719826", this, "Click to show all stack frames", "Click to hide stack frames")'>Click to show all stack frames</a>
<div class='stack-trace' id='stack-trace1825719826'><pre>org.openqa.selenium.WebDriverException: Failed to connect to binary FirefoxBinary(C:\Program Files\Mozilla Firefox\firefox.exe) on port 7055; process output follows: 
ightThemeManager
1537563833137	addons.manager	DEBUG	Starting provider: GMPProvider
1537563833139	addons.manager	DEBUG	Registering shutdown blocker for GMPProvider
1537563833140	addons.manager	DEBUG	Provider finished startup: GMPProvider
1537563833140	addons.manager	DEBUG	Starting provider: PluginProvider
1537563833140	addons.manager	DEBUG	Registering shutdown blocker for PluginProvider
1537563833140	addons.manager	DEBUG	Provider finished startup: PluginProvider
1537563833141	addons.manager	DEBUG	Completed startup sequence
1537563833534	addons.repository	DEBUG	No addons.json found.
1537563834332	addons.xpi	DEBUG	Ignoring file: name is not a valid add-on ID: C:\Users\leela\AppData\Local\Temp\anonymous5370063710152696259webdriver-profile\extensions\webdriver-staging
1537563834332	addons.xpi	DEBUG	Existing add-on activity-stream@mozilla.org in app-system-defaults
1537563834333	addons.xpi	DEBUG	Existing add-on aushelper@mozilla.org in app-system-defaults
1537563834333	addons.xpi	DEBUG	Existing add-on firefox@getpocket.com in app-system-defaults
1537563834333	addons.xpi	DEBUG	Existing add-on formautofill@mozilla.org in app-system-defaults
1537563834333	addons.xpi	DEBUG	Existing add-on onboarding@mozilla.org in app-system-defaults
1537563834333	addons.xpi	DEBUG	Existing add-on screenshots@mozilla.org in app-system-defaults
1537563834333	addons.xpi	DEBUG	Existing add-on webcompat-reporter@mozilla.org in app-system-defaults
1537563834334	addons.xpi	DEBUG	Existing add-on webcompat@mozilla.org in app-system-defaults
1537563834334	addons.xpi	DEBUG	scanForChanges changed: false, state: {}
JavaScript error: resource://gre/modules/addons/XPIProvider.jsm, line 2579: TypeError: addon is null
1537563844277	addons.xpi	DEBUG	Calling bootstrap method shutdown on webcompat@mozilla.org version 2.0
1537563844278	addons.xpi	DEBUG	Calling bootstrap method shutdown on webcompat-reporter@mozilla.org version 1.0.0
1537563844278	addons.xpi	DEBUG	Calling bootstrap method shutdown on screenshots@mozilla.org version 33.0.0
1537563844281	addons.xpi	DEBUG	Calling bootstrap method shutdown on onboarding@mozilla.org version 1.0
1537563844282	addons.xpi	DEBUG	Calling bootstrap method shutdown on formautofill@mozilla.org version 1.0
1537563844283	addons.xpi	DEBUG	Calling bootstrap method shutdown on firefox@getpocket.com version 1.0.5
1537563844287	addons.xpi	DEBUG	Calling bootstrap method shutdown on aushelper@mozilla.org version 2.0
1537563844287	addons.xpi	DEBUG	Calling bootstrap method shutdown on activity-stream@mozilla.org version 2018.08.22.1219-93becf29
[Parent 10740, Gecko_IOThread] WARNING: pipe error: 109: file z:/build/build/src/ipc/chromium/src/chrome/common/ipc_channel_win.cc, line 346
[Parent 10740, Gecko_IOThread] WARNING: pipe error: 109: file z:/build/build/src/ipc/chromium/src/chrome/common/ipc_channel_win.cc, line 346
[Child 10672, Chrome_ChildThread] WARNING: pipe error: 109: file z:/build/build/src/ipc/chromium/src/chrome/common/ipc_channel_win.cc, line 346
[Child 10672, Chrome_ChildThread] WARNING: pipe error: 109: file z:/build/build/src/i[Parent 10740, Gecko_IOThread] WARNING: pipe error: 109: file z:/build/build/src/ipc/chromium/src/chrome/common/ipc_channel_win.cc, line 346
[Child 4968, Chrome_ChildThread] WARNING: pipe error: 109: file z:/build/build/src/ipc/chromium/src/chrome/common/ipc_channel_win.cc, line 346
[Child 4968, Chrome_ChildThread] WARNING: pipe error: 109: file1537563844373	addons.manager	DEBUG	shutdown
1537563844373	addons.manager	DEBUG	Calling shutdown blocker for XPIProvider
1537563844373	addons.xpi	DEBUG	shutdown
1537563844374	addons.xpi-utils	DEBUG	shutdown
1537563844374	addons.manager	DEBUG	Calling shutdown blocker for LightweightThemeManager
1537563844374	addons.manager	DEBUG	Calling shutdown blocker for GMPProvider
1537563844374	addons.manager	DEBUG	Calling shutdown blocker for PluginProvider
1537563844378	addons.manager	DEBUG	Async provider shutdown done
[GPU 8808, Chrome_ChildThre
###!!! [Child][MessageChannel::SendAndWait] Error: Channel error: cannot send/recv


Build info: version: &apos;2.53.1&apos;, revision: &apos;a36b8b1cd5757287168e54b817830adce9b0158d&apos;, time: &apos;2016-06-30 19:26:09&apos;
System info: host: &apos;DESKTOP-IDB0LR4&apos;, ip: &apos;10.0.0.20&apos;, os.name: &apos;Windows 10&apos;, os.arch: &apos;amd64&apos;, os.version: &apos;10.0&apos;, java.version: &apos;1.8.0_181&apos;
Driver info: driver.version: FirefoxDriver
	at org.openqa.selenium.firefox.internal.NewProfileExtensionConnection.start(NewProfileExtensionConnection.java:125)
	at org.openqa.selenium.firefox.FirefoxDriver.startClient(FirefoxDriver.java:271)
	at org.openqa.selenium.remote.RemoteWebDriver.&lt;init&gt;(RemoteWebDriver.java:119)
	at org.openqa.selenium.firefox.FirefoxDriver.&lt;init&gt;(FirefoxDriver.java:216)
	at org.openqa.selenium.firefox.FirefoxDriver.&lt;init&gt;(FirefoxDriver.java:211)
	at org.openqa.selenium.firefox.FirefoxDriver.&lt;init&gt;(FirefoxDriver.java:207)
	at org.openqa.selenium.firefox.FirefoxDriver.&lt;init&gt;(FirefoxDriver.java:120)
	at com.slm.loginMail.LoginTest.f(LoginTest.java:14)
	at sun.reflect.NativeMethodAccessorImpl.invoke0(Native Method)
	at sun.reflect.NativeMethodAccessorImpl.invoke(NativeMethodAccessorImpl.java:62)
	at sun.reflect.DelegatingMethodAccessorImpl.invoke(DelegatingMethodAccessorImpl.java:43)
	at java.lang.reflect.Method.invoke(Method.java:498)
	at org.testng.internal.MethodInvocationHelper.invokeMethod(MethodInvocationHelper.java:80)
	at org.testng.internal.Invoker.invokeMethod(Invoker.java:714)
	at org.testng.internal.Invoker.invokeTestMethod(Invoker.java:901)
	at org.testng.internal.Invoker.invokeTestMethods(Invoker.java:1231)
	at org.testng.internal.TestMethodWorker.invokeTestMethods(TestMethodWorker.java:127)
	at org.testng.internal.TestMethodWorker.run(TestMethodWorker.java:111)
	at org.testng.TestRunner.privateRun(TestRunner.java:767)
	at org.testng.TestRunner.run(TestRunner.java:617)
	at org.testng.SuiteRunner.runTest(SuiteRunner.java:334)
	at org.testng.SuiteRunner.runSequentially(SuiteRunner.java:329)
	at org.testng.SuiteRunner.privateRun(SuiteRunner.java:291)
	at org.testng.SuiteRunner.run(SuiteRunner.java:240)
	at org.testng.SuiteRunnerWorker.runSuite(SuiteRunnerWorker.java:52)
	at org.testng.SuiteRunnerWorker.run(SuiteRunnerWorker.java:86)
	at org.testng.TestNG.runSuitesSequentially(TestNG.java:1198)
	at org.testng.TestNG.runSuitesLocally(TestNG.java:1123)
	at org.testng.TestNG.run(TestNG.java:1031)
	at org.testng.remote.AbstractRemoteTestNG.run(AbstractRemoteTestNG.java:114)
	at org.testng.remote.RemoteTestNG.initAndRun(RemoteTestNG.java:251)
	at org.testng.remote.RemoteTestNG.main(RemoteTestNG.java:77)
Caused by: org.openqa.selenium.firefox.NotConnectedException: Unable to connect to host 127.0.0.1 on port 7055 after 45000 ms. Firefox console output:
ightThemeManager
1537563833137	addons.manager	DEBUG	Starting provider: GMPProvider
1537563833139	addons.manager	DEBUG	Registering shutdown blocker for GMPProvider
1537563833140	addons.manager	DEBUG	Provider finished startup: GMPProvider
1537563833140	addons.manager	DEBUG	Starting provider: PluginProvider
1537563833140	addons.manager	DEBUG	Registering shutdown blocker for PluginProvider
1537563833140	addons.manager	DEBUG	Provider finished startup: PluginProvider
1537563833141	addons.manager	DEBUG	Completed startup sequence
1537563833534	addons.repository	DEBUG	No addons.json found.
1537563834332	addons.xpi	DEBUG	Ignoring file: name is not a valid add-on ID: C:\Users\leela\AppData\Local\Temp\anonymous5370063710152696259webdriver-profile\extensions\webdriver-staging
1537563834332	addons.xpi	DEBUG	Existing add-on activity-stream@mozilla.org in app-system-defaults
1537563834333	addons.xpi	DEBUG	Existing add-on aushelper@mozilla.org in app-system-defaults
1537563834333	addons.xpi	DEBUG	Existing add-on firefox@getpocket.com in app-system-defaults
1537563834333	addons.xpi	DEBUG	Existing add-on formautofill@mozilla.org in app-system-defaults
1537563834333	addons.xpi	DEBUG	Existing add-on onboarding@mozilla.org in app-system-defaults
1537563834333	addons.xpi	DEBUG	Existing add-on screenshots@mozilla.org in app-system-defaults
1537563834333	addons.xpi	DEBUG	Existing add-on webcompat-reporter@mozilla.org in app-system-defaults
1537563834334	addons.xpi	DEBUG	Existing add-on webcompat@mozilla.org in app-system-defaults
1537563834334	addons.xpi	DEBUG	scanForChanges changed: false, state: {}
JavaScript error: resource://gre/modules/addons/XPIProvider.jsm, line 2579: TypeError: addon is null
1537563844277	addons.xpi	DEBUG	Calling bootstrap method shutdown on webcompat@mozilla.org version 2.0
1537563844278	addons.xpi	DEBUG	Calling bootstrap method shutdown on webcompat-reporter@mozilla.org version 1.0.0
1537563844278	addons.xpi	DEBUG	Calling bootstrap method shutdown on screenshots@mozilla.org version 33.0.0
1537563844281	addons.xpi	DEBUG	Calling bootstrap method shutdown on onboarding@mozilla.org version 1.0
1537563844282	addons.xpi	DEBUG	Calling bootstrap method shutdown on formautofill@mozilla.org version 1.0
1537563844283	addons.xpi	DEBUG	Calling bootstrap method shutdown on firefox@getpocket.com version 1.0.5
1537563844287	addons.xpi	DEBUG	Calling bootstrap method shutdown on aushelper@mozilla.org version 2.0
1537563844287	addons.xpi	DEBUG	Calling bootstrap method shutdown on activity-stream@mozilla.org version 2018.08.22.1219-93becf29
[Parent 10740, Gecko_IOThread] WARNING: pipe error: 109: file z:/build/build/src/ipc/chromium/src/chrome/common/ipc_channel_win.cc, line 346
[Parent 10740, Gecko_IOThread] WARNING: pipe error: 109: file z:/build/build/src/ipc/chromium/src/chrome/common/ipc_channel_win.cc, line 346
[Child 10672, Chrome_ChildThread] WARNING: pipe error: 109: file z:/build/build/src/ipc/chromium/src/chrome/common/ipc_channel_win.cc, line 346
[Child 10672, Chrome_ChildThread] WARNING: pipe error: 109: file z:/build/build/src/i[Parent 10740, Gecko_IOThread] WARNING: pipe error: 109: file z:/build/build/src/ipc/chromium/src/chrome/common/ipc_channel_win.cc, line 346
[Child 4968, Chrome_ChildThread] WARNING: pipe error: 109: file z:/build/build/src/ipc/chromium/src/chrome/common/ipc_channel_win.cc, line 346
[Child 4968, Chrome_ChildThread] WARNING: pipe error: 109: file1537563844373	addons.manager	DEBUG	shutdown
1537563844373	addons.manager	DEBUG	Calling shutdown blocker for XPIProvider
1537563844373	addons.xpi	DEBUG	shutdown
1537563844374	addons.xpi-utils	DEBUG	shutdown
1537563844374	addons.manager	DEBUG	Calling shutdown blocker for LightweightThemeManager
1537563844374	addons.manager	DEBUG	Calling shutdown blocker for GMPProvider
1537563844374	addons.manager	DEBUG	Calling shutdown blocker for PluginProvider
1537563844378	addons.manager	DEBUG	Async provider shutdown done
[GPU 8808, Chrome_ChildThre
###!!! [Child][MessageChannel::SendAndWait] Error: Channel error: cannot send/recv


	at org.openqa.selenium.firefox.internal.NewProfileExtensionConnection.start(NewProfileExtensionConnection.java:113)
	... 31 more
</pre></div></td>
<td>47</td>
<td>com.slm.loginMail.LoginTest@4678c730</td></tr>
</table><p>
</body>
</html>